2021-02-03 14:56:55 [background-preinit] INFO  o.h.validator.internal.util.Version - HV000001: Hibernate Validator 6.0.21.Final
2021-02-03 14:56:55 [main] INFO  com.ruoyi.RuoYiApplication - Starting RuoYiApplication on 小米AAA with PID 8008 (E:\gitee_project\RY-Vue-Plus\ruoyi-admin\target\classes started by 胡 in E:\gitee_project\RY-Vue-Plus)
2021-02-03 14:56:55 [main] INFO  com.ruoyi.RuoYiApplication - The following profiles are active: dev
2021-02-03 14:56:57 [main] INFO  io.undertow.servlet - Initializing Spring embedded WebApplicationContext
2021-02-03 14:57:02 [main] INFO  c.alibaba.druid.pool.DruidDataSource - {dataSource-1} inited
2021-02-03 14:57:02 [main] INFO  io.lettuce.core.EpollProvider - Starting without optional epoll library
2021-02-03 14:57:02 [main] INFO  io.lettuce.core.KqueueProvider - Starting without optional kqueue library
2021-02-03 14:57:04 [main] INFO  s.d.s.w.PropertySourcedRequestMappingHandlerMapping - Mapped URL path [/v2/api-docs] onto method [springfox.documentation.swagger2.web.Swagger2Controller#getDocumentation(String, HttpServletRequest)]
2021-02-03 14:57:05 [main] INFO  s.d.s.w.p.DocumentationPluginsBootstrapper - Context refreshed
2021-02-03 14:57:05 [main] INFO  s.d.s.w.p.DocumentationPluginsBootstrapper - Found 1 custom documentation plugin(s)
2021-02-03 14:57:05 [main] INFO  s.d.s.w.s.ApiListingReferenceScanner - Scanning for api listing references
2021-02-03 14:57:05 [main] INFO  s.d.s.w.r.o.CachingOperationNameGenerator - Generating unique operation named: addUsingPOST_1
2021-02-03 14:57:05 [main] INFO  s.d.s.w.r.o.CachingOperationNameGenerator - Generating unique operation named: listUsingGET_1
2021-02-03 14:57:05 [main] INFO  s.d.s.w.r.o.CachingOperationNameGenerator - Generating unique operation named: removeUsingDELETE_1
2021-02-03 14:57:05 [main] INFO  s.d.s.w.r.o.CachingOperationNameGenerator - Generating unique operation named: removeUsingDELETE_2
2021-02-03 14:57:05 [main] INFO  s.d.s.w.r.o.CachingOperationNameGenerator - Generating unique operation named: deleteUsingDELETE_1
2021-02-03 14:57:05 [main] INFO  s.d.s.w.r.o.CachingOperationNameGenerator - Generating unique operation named: addUsingPOST_2
2021-02-03 14:57:05 [main] INFO  s.d.s.w.r.o.CachingOperationNameGenerator - Generating unique operation named: editUsingPUT_1
2021-02-03 14:57:05 [main] INFO  s.d.s.w.r.o.CachingOperationNameGenerator - Generating unique operation named: exportUsingGET_1
2021-02-03 14:57:05 [main] INFO  s.d.s.w.r.o.CachingOperationNameGenerator - Generating unique operation named: getInfoUsingGET_1
2021-02-03 14:57:05 [main] INFO  s.d.s.w.r.o.CachingOperationNameGenerator - Generating unique operation named: listUsingGET_2
2021-02-03 14:57:05 [main] INFO  s.d.s.w.r.o.CachingOperationNameGenerator - Generating unique operation named: removeUsingDELETE_3
2021-02-03 14:57:05 [main] INFO  io.undertow - starting server: Undertow - 2.0.33.Final
2021-02-03 14:57:05 [main] INFO  org.xnio - XNIO version 3.3.8.Final
2021-02-03 14:57:05 [main] INFO  org.xnio.nio - XNIO NIO Implementation Version 3.3.8.Final
2021-02-03 14:57:05 [main] INFO  io.undertow - stopping server: Undertow - 2.0.33.Final
2021-02-03 14:57:05 [main] INFO  sys-user - ====关闭后台任务任务线程池====
2021-02-03 14:57:05 [main] INFO  c.alibaba.druid.pool.DruidDataSource - {dataSource-1} closing ...
2021-02-03 14:57:05 [main] INFO  c.alibaba.druid.pool.DruidDataSource - {dataSource-1} closed
2021-02-03 14:58:57 [background-preinit] INFO  o.h.validator.internal.util.Version - HV000001: Hibernate Validator 6.0.21.Final
2021-02-03 14:58:57 [main] INFO  com.ruoyi.RuoYiApplication - Starting RuoYiApplication on 小米AAA with PID 19760 (E:\gitee_project\RY-Vue-Plus\ruoyi-admin\target\classes started by 胡 in E:\gitee_project\RY-Vue-Plus)
2021-02-03 14:58:57 [main] INFO  com.ruoyi.RuoYiApplication - The following profiles are active: dev
2021-02-03 14:58:59 [main] INFO  io.undertow.servlet - Initializing Spring embedded WebApplicationContext
2021-02-03 14:59:02 [main] INFO  c.alibaba.druid.pool.DruidDataSource - {dataSource-1} inited
2021-02-03 14:59:02 [main] INFO  io.lettuce.core.EpollProvider - Starting without optional epoll library
2021-02-03 14:59:02 [main] INFO  io.lettuce.core.KqueueProvider - Starting without optional kqueue library
2021-02-03 14:59:04 [main] INFO  s.d.s.w.PropertySourcedRequestMappingHandlerMapping - Mapped URL path [/v2/api-docs] onto method [springfox.documentation.swagger2.web.Swagger2Controller#getDocumentation(String, HttpServletRequest)]
2021-02-03 14:59:05 [main] INFO  s.d.s.w.p.DocumentationPluginsBootstrapper - Context refreshed
2021-02-03 14:59:05 [main] INFO  s.d.s.w.p.DocumentationPluginsBootstrapper - Found 1 custom documentation plugin(s)
2021-02-03 14:59:05 [main] INFO  s.d.s.w.s.ApiListingReferenceScanner - Scanning for api listing references
2021-02-03 14:59:05 [main] INFO  s.d.s.w.r.o.CachingOperationNameGenerator - Generating unique operation named: addUsingPOST_1
2021-02-03 14:59:05 [main] INFO  s.d.s.w.r.o.CachingOperationNameGenerator - Generating unique operation named: listUsingGET_1
2021-02-03 14:59:05 [main] INFO  s.d.s.w.r.o.CachingOperationNameGenerator - Generating unique operation named: removeUsingDELETE_1
2021-02-03 14:59:05 [main] INFO  s.d.s.w.r.o.CachingOperationNameGenerator - Generating unique operation named: removeUsingDELETE_2
2021-02-03 14:59:05 [main] INFO  s.d.s.w.r.o.CachingOperationNameGenerator - Generating unique operation named: deleteUsingDELETE_1
2021-02-03 14:59:05 [main] INFO  s.d.s.w.r.o.CachingOperationNameGenerator - Generating unique operation named: addUsingPOST_2
2021-02-03 14:59:05 [main] INFO  s.d.s.w.r.o.CachingOperationNameGenerator - Generating unique operation named: editUsingPUT_1
2021-02-03 14:59:05 [main] INFO  s.d.s.w.r.o.CachingOperationNameGenerator - Generating unique operation named: exportUsingGET_1
2021-02-03 14:59:05 [main] INFO  s.d.s.w.r.o.CachingOperationNameGenerator - Generating unique operation named: getInfoUsingGET_1
2021-02-03 14:59:05 [main] INFO  s.d.s.w.r.o.CachingOperationNameGenerator - Generating unique operation named: listUsingGET_2
2021-02-03 14:59:05 [main] INFO  s.d.s.w.r.o.CachingOperationNameGenerator - Generating unique operation named: removeUsingDELETE_3
2021-02-03 14:59:05 [main] INFO  io.undertow - starting server: Undertow - 2.0.33.Final
2021-02-03 14:59:05 [main] INFO  org.xnio - XNIO version 3.3.8.Final
2021-02-03 14:59:05 [main] INFO  org.xnio.nio - XNIO NIO Implementation Version 3.3.8.Final
2021-02-03 14:59:05 [main] INFO  com.ruoyi.RuoYiApplication - Started RuoYiApplication in 8.348 seconds (JVM running for 9.549)
2021-02-03 15:00:41 [XNIO-1 task-5] INFO  io.undertow.servlet - Initializing Spring DispatcherServlet 'dispatcherServlet'
2021-02-03 15:58:32 [background-preinit] INFO  o.h.validator.internal.util.Version - HV000001: Hibernate Validator 6.0.21.Final
2021-02-03 15:58:32 [main] INFO  com.ruoyi.RuoYiApplication - Starting RuoYiApplication on 小米AAA with PID 11708 (E:\gitee_project\RY-Vue-Plus\ruoyi-admin\target\classes started by 胡 in E:\gitee_project\RY-Vue-Plus)
2021-02-03 15:58:32 [main] INFO  com.ruoyi.RuoYiApplication - The following profiles are active: dev
2021-02-03 15:58:34 [main] INFO  io.undertow.servlet - Initializing Spring embedded WebApplicationContext
2021-02-03 15:58:36 [main] INFO  c.alibaba.druid.pool.DruidDataSource - {dataSource-1} inited
2021-02-03 15:58:37 [main] INFO  io.lettuce.core.EpollProvider - Starting without optional epoll library
2021-02-03 15:58:37 [main] INFO  io.lettuce.core.KqueueProvider - Starting without optional kqueue library
2021-02-03 15:58:38 [main] INFO  s.d.s.w.PropertySourcedRequestMappingHandlerMapping - Mapped URL path [/v2/api-docs] onto method [springfox.documentation.swagger2.web.Swagger2Controller#getDocumentation(String, HttpServletRequest)]
2021-02-03 15:58:39 [main] INFO  s.d.s.w.p.DocumentationPluginsBootstrapper - Context refreshed
2021-02-03 15:58:39 [main] INFO  s.d.s.w.p.DocumentationPluginsBootstrapper - Found 1 custom documentation plugin(s)
2021-02-03 15:58:39 [main] INFO  s.d.s.w.s.ApiListingReferenceScanner - Scanning for api listing references
2021-02-03 15:58:39 [main] INFO  s.d.s.w.r.o.CachingOperationNameGenerator - Generating unique operation named: addUsingPOST_1
2021-02-03 15:58:39 [main] INFO  s.d.s.w.r.o.CachingOperationNameGenerator - Generating unique operation named: listUsingGET_1
2021-02-03 15:58:39 [main] INFO  s.d.s.w.r.o.CachingOperationNameGenerator - Generating unique operation named: removeUsingDELETE_1
2021-02-03 15:58:39 [main] INFO  s.d.s.w.r.o.CachingOperationNameGenerator - Generating unique operation named: removeUsingDELETE_2
2021-02-03 15:58:39 [main] INFO  s.d.s.w.r.o.CachingOperationNameGenerator - Generating unique operation named: addUsingPOST_2
2021-02-03 15:58:39 [main] INFO  s.d.s.w.r.o.CachingOperationNameGenerator - Generating unique operation named: editUsingPUT_1
2021-02-03 15:58:39 [main] INFO  s.d.s.w.r.o.CachingOperationNameGenerator - Generating unique operation named: exportUsingGET_1
2021-02-03 15:58:39 [main] INFO  s.d.s.w.r.o.CachingOperationNameGenerator - Generating unique operation named: getInfoUsingGET_1
2021-02-03 15:58:39 [main] INFO  s.d.s.w.r.o.CachingOperationNameGenerator - Generating unique operation named: listUsingGET_2
2021-02-03 15:58:39 [main] INFO  s.d.s.w.r.o.CachingOperationNameGenerator - Generating unique operation named: removeUsingDELETE_3
2021-02-03 15:58:39 [main] INFO  s.d.s.w.r.o.CachingOperationNameGenerator - Generating unique operation named: getGoodCommentsUsingGET_1
2021-02-03 15:58:39 [main] INFO  s.d.s.w.r.o.CachingOperationNameGenerator - Generating unique operation named: getPoorCommentsUsingGET_1
2021-02-03 15:58:39 [main] INFO  s.d.s.w.r.o.CachingOperationNameGenerator - Generating unique operation named: listUsingGET_3
2021-02-03 15:58:39 [main] INFO  s.d.s.w.r.o.CachingOperationNameGenerator - Generating unique operation named: deleteUsingDELETE_1
2021-02-03 15:58:39 [main] INFO  io.undertow - starting server: Undertow - 2.0.33.Final
2021-02-03 15:58:39 [main] INFO  org.xnio - XNIO version 3.3.8.Final
2021-02-03 15:58:39 [main] INFO  org.xnio.nio - XNIO NIO Implementation Version 3.3.8.Final
2021-02-03 15:58:39 [main] INFO  com.ruoyi.RuoYiApplication - Started RuoYiApplication in 7.997 seconds (JVM running for 9.027)
2021-02-03 15:59:07 [XNIO-1 task-1] INFO  io.undertow.servlet - Initializing Spring DispatcherServlet 'dispatcherServlet'
2021-02-03 16:10:38 [background-preinit] INFO  o.h.validator.internal.util.Version - HV000001: Hibernate Validator 6.0.21.Final
2021-02-03 16:10:38 [main] INFO  com.ruoyi.RuoYiApplication - Starting RuoYiApplication on 小米AAA with PID 8448 (E:\gitee_project\RY-Vue-Plus\ruoyi-admin\target\classes started by 胡 in E:\gitee_project\RY-Vue-Plus)
2021-02-03 16:10:38 [main] INFO  com.ruoyi.RuoYiApplication - The following profiles are active: dev
2021-02-03 16:10:40 [main] INFO  io.undertow.servlet - Initializing Spring embedded WebApplicationContext
2021-02-03 16:10:43 [main] INFO  c.alibaba.druid.pool.DruidDataSource - {dataSource-1} inited
2021-02-03 16:10:43 [main] INFO  io.lettuce.core.EpollProvider - Starting without optional epoll library
2021-02-03 16:10:43 [main] INFO  io.lettuce.core.KqueueProvider - Starting without optional kqueue library
2021-02-03 16:10:45 [main] INFO  s.d.s.w.PropertySourcedRequestMappingHandlerMapping - Mapped URL path [/v2/api-docs] onto method [springfox.documentation.swagger2.web.Swagger2Controller#getDocumentation(String, HttpServletRequest)]
2021-02-03 16:10:46 [main] INFO  s.d.s.w.p.DocumentationPluginsBootstrapper - Context refreshed
2021-02-03 16:10:46 [main] INFO  s.d.s.w.p.DocumentationPluginsBootstrapper - Found 1 custom documentation plugin(s)
2021-02-03 16:10:46 [main] INFO  s.d.s.w.s.ApiListingReferenceScanner - Scanning for api listing references
2021-02-03 16:10:46 [main] INFO  s.d.s.w.r.o.CachingOperationNameGenerator - Generating unique operation named: addUsingPOST_1
2021-02-03 16:10:46 [main] INFO  s.d.s.w.r.o.CachingOperationNameGenerator - Generating unique operation named: listUsingGET_1
2021-02-03 16:10:46 [main] INFO  s.d.s.w.r.o.CachingOperationNameGenerator - Generating unique operation named: removeUsingDELETE_1
2021-02-03 16:10:46 [main] INFO  s.d.s.w.r.o.CachingOperationNameGenerator - Generating unique operation named: removeUsingDELETE_2
2021-02-03 16:10:46 [main] INFO  s.d.s.w.r.o.CachingOperationNameGenerator - Generating unique operation named: addUsingPOST_2
2021-02-03 16:10:46 [main] INFO  s.d.s.w.r.o.CachingOperationNameGenerator - Generating unique operation named: editUsingPUT_1
2021-02-03 16:10:46 [main] INFO  s.d.s.w.r.o.CachingOperationNameGenerator - Generating unique operation named: exportUsingGET_1
2021-02-03 16:10:46 [main] INFO  s.d.s.w.r.o.CachingOperationNameGenerator - Generating unique operation named: getInfoUsingGET_1
2021-02-03 16:10:46 [main] INFO  s.d.s.w.r.o.CachingOperationNameGenerator - Generating unique operation named: listUsingGET_2
2021-02-03 16:10:46 [main] INFO  s.d.s.w.r.o.CachingOperationNameGenerator - Generating unique operation named: removeUsingDELETE_3
2021-02-03 16:10:46 [main] INFO  s.d.s.w.r.o.CachingOperationNameGenerator - Generating unique operation named: getGoodCommentsUsingGET_1
2021-02-03 16:10:46 [main] INFO  s.d.s.w.r.o.CachingOperationNameGenerator - Generating unique operation named: getPoorCommentsUsingGET_1
2021-02-03 16:10:46 [main] INFO  s.d.s.w.r.o.CachingOperationNameGenerator - Generating unique operation named: listUsingGET_3
2021-02-03 16:10:46 [main] INFO  s.d.s.w.r.o.CachingOperationNameGenerator - Generating unique operation named: deleteUsingDELETE_1
2021-02-03 16:10:46 [main] INFO  io.undertow - starting server: Undertow - 2.0.33.Final
2021-02-03 16:10:46 [main] INFO  org.xnio - XNIO version 3.3.8.Final
2021-02-03 16:10:46 [main] INFO  org.xnio.nio - XNIO NIO Implementation Version 3.3.8.Final
2021-02-03 16:10:46 [main] INFO  com.ruoyi.RuoYiApplication - Started RuoYiApplication in 8.431 seconds (JVM running for 9.414)
2021-02-03 16:14:07 [background-preinit] INFO  o.h.validator.internal.util.Version - HV000001: Hibernate Validator 6.0.21.Final
2021-02-03 16:14:07 [main] INFO  com.ruoyi.RuoYiApplication - Starting RuoYiApplication on 小米AAA with PID 20128 (E:\gitee_project\RY-Vue-Plus\ruoyi-admin\target\classes started by 胡 in E:\gitee_project\RY-Vue-Plus)
2021-02-03 16:14:07 [main] INFO  com.ruoyi.RuoYiApplication - The following profiles are active: dev
2021-02-03 16:14:09 [main] INFO  io.undertow.servlet - Initializing Spring embedded WebApplicationContext
2021-02-03 16:14:12 [main] INFO  c.alibaba.druid.pool.DruidDataSource - {dataSource-1} inited
2021-02-03 16:14:12 [main] INFO  io.lettuce.core.EpollProvider - Starting without optional epoll library
2021-02-03 16:14:12 [main] INFO  io.lettuce.core.KqueueProvider - Starting without optional kqueue library
2021-02-03 16:14:14 [main] INFO  s.d.s.w.PropertySourcedRequestMappingHandlerMapping - Mapped URL path [/v2/api-docs] onto method [springfox.documentation.swagger2.web.Swagger2Controller#getDocumentation(String, HttpServletRequest)]
2021-02-03 16:14:15 [main] INFO  s.d.s.w.p.DocumentationPluginsBootstrapper - Context refreshed
2021-02-03 16:14:15 [main] INFO  s.d.s.w.p.DocumentationPluginsBootstrapper - Found 1 custom documentation plugin(s)
2021-02-03 16:14:15 [main] INFO  s.d.s.w.s.ApiListingReferenceScanner - Scanning for api listing references
2021-02-03 16:14:15 [main] INFO  s.d.s.w.r.o.CachingOperationNameGenerator - Generating unique operation named: addUsingPOST_1
2021-02-03 16:14:15 [main] INFO  s.d.s.w.r.o.CachingOperationNameGenerator - Generating unique operation named: listUsingGET_1
2021-02-03 16:14:15 [main] INFO  s.d.s.w.r.o.CachingOperationNameGenerator - Generating unique operation named: removeUsingDELETE_1
2021-02-03 16:14:15 [main] INFO  s.d.s.w.r.o.CachingOperationNameGenerator - Generating unique operation named: removeUsingDELETE_2
2021-02-03 16:14:15 [main] INFO  s.d.s.w.r.o.CachingOperationNameGenerator - Generating unique operation named: addUsingPOST_2
2021-02-03 16:14:15 [main] INFO  s.d.s.w.r.o.CachingOperationNameGenerator - Generating unique operation named: editUsingPUT_1
2021-02-03 16:14:15 [main] INFO  s.d.s.w.r.o.CachingOperationNameGenerator - Generating unique operation named: exportUsingGET_1
2021-02-03 16:14:15 [main] INFO  s.d.s.w.r.o.CachingOperationNameGenerator - Generating unique operation named: getInfoUsingGET_1
2021-02-03 16:14:15 [main] INFO  s.d.s.w.r.o.CachingOperationNameGenerator - Generating unique operation named: listUsingGET_2
2021-02-03 16:14:15 [main] INFO  s.d.s.w.r.o.CachingOperationNameGenerator - Generating unique operation named: removeUsingDELETE_3
2021-02-03 16:14:15 [main] INFO  s.d.s.w.r.o.CachingOperationNameGenerator - Generating unique operation named: getGoodCommentsUsingGET_1
2021-02-03 16:14:15 [main] INFO  s.d.s.w.r.o.CachingOperationNameGenerator - Generating unique operation named: getPoorCommentsUsingGET_1
2021-02-03 16:14:15 [main] INFO  s.d.s.w.r.o.CachingOperationNameGenerator - Generating unique operation named: listUsingGET_3
2021-02-03 16:14:15 [main] INFO  s.d.s.w.r.o.CachingOperationNameGenerator - Generating unique operation named: deleteUsingDELETE_1
2021-02-03 16:14:15 [main] INFO  io.undertow - starting server: Undertow - 2.0.33.Final
2021-02-03 16:14:15 [main] INFO  org.xnio - XNIO version 3.3.8.Final
2021-02-03 16:14:15 [main] INFO  org.xnio.nio - XNIO NIO Implementation Version 3.3.8.Final
2021-02-03 16:14:15 [main] INFO  com.ruoyi.RuoYiApplication - Started RuoYiApplication in 7.891 seconds (JVM running for 8.911)
2021-02-03 16:26:17 [background-preinit] INFO  o.h.validator.internal.util.Version - HV000001: Hibernate Validator 6.0.21.Final
2021-02-03 16:26:17 [main] INFO  com.ruoyi.RuoYiApplication - Starting RuoYiApplication on 小米AAA with PID 15864 (E:\gitee_project\RY-Vue-Plus\ruoyi-admin\target\classes started by 胡 in E:\gitee_project\RY-Vue-Plus)
2021-02-03 16:26:17 [main] INFO  com.ruoyi.RuoYiApplication - The following profiles are active: dev
2021-02-03 16:26:18 [main] INFO  io.undertow.servlet - Initializing Spring embedded WebApplicationContext
2021-02-03 16:26:21 [main] INFO  c.alibaba.druid.pool.DruidDataSource - {dataSource-1} inited
2021-02-03 16:26:21 [main] INFO  io.lettuce.core.EpollProvider - Starting without optional epoll library
2021-02-03 16:26:21 [main] INFO  io.lettuce.core.KqueueProvider - Starting without optional kqueue library
2021-02-03 16:26:23 [main] INFO  s.d.s.w.PropertySourcedRequestMappingHandlerMapping - Mapped URL path [/v2/api-docs] onto method [springfox.documentation.swagger2.web.Swagger2Controller#getDocumentation(String, HttpServletRequest)]
2021-02-03 16:26:24 [main] INFO  s.d.s.w.p.DocumentationPluginsBootstrapper - Context refreshed
2021-02-03 16:26:24 [main] INFO  s.d.s.w.p.DocumentationPluginsBootstrapper - Found 1 custom documentation plugin(s)
2021-02-03 16:26:24 [main] INFO  s.d.s.w.s.ApiListingReferenceScanner - Scanning for api listing references
2021-02-03 16:26:24 [main] INFO  s.d.s.w.r.o.CachingOperationNameGenerator - Generating unique operation named: addUsingPOST_1
2021-02-03 16:26:24 [main] INFO  s.d.s.w.r.o.CachingOperationNameGenerator - Generating unique operation named: listUsingGET_1
2021-02-03 16:26:24 [main] INFO  s.d.s.w.r.o.CachingOperationNameGenerator - Generating unique operation named: removeUsingDELETE_1
2021-02-03 16:26:24 [main] INFO  s.d.s.w.r.o.CachingOperationNameGenerator - Generating unique operation named: removeUsingDELETE_2
2021-02-03 16:26:24 [main] INFO  s.d.s.w.r.o.CachingOperationNameGenerator - Generating unique operation named: addUsingPOST_2
2021-02-03 16:26:24 [main] INFO  s.d.s.w.r.o.CachingOperationNameGenerator - Generating unique operation named: editUsingPUT_1
2021-02-03 16:26:24 [main] INFO  s.d.s.w.r.o.CachingOperationNameGenerator - Generating unique operation named: exportUsingGET_1
2021-02-03 16:26:24 [main] INFO  s.d.s.w.r.o.CachingOperationNameGenerator - Generating unique operation named: getInfoUsingGET_1
2021-02-03 16:26:24 [main] INFO  s.d.s.w.r.o.CachingOperationNameGenerator - Generating unique operation named: listUsingGET_2
2021-02-03 16:26:24 [main] INFO  s.d.s.w.r.o.CachingOperationNameGenerator - Generating unique operation named: removeUsingDELETE_3
2021-02-03 16:26:24 [main] INFO  s.d.s.w.r.o.CachingOperationNameGenerator - Generating unique operation named: getGoodCommentsUsingGET_1
2021-02-03 16:26:24 [main] INFO  s.d.s.w.r.o.CachingOperationNameGenerator - Generating unique operation named: getPoorCommentsUsingGET_1
2021-02-03 16:26:24 [main] INFO  s.d.s.w.r.o.CachingOperationNameGenerator - Generating unique operation named: listUsingGET_3
2021-02-03 16:26:24 [main] INFO  s.d.s.w.r.o.CachingOperationNameGenerator - Generating unique operation named: deleteUsingDELETE_1
2021-02-03 16:26:24 [main] INFO  io.undertow - starting server: Undertow - 2.0.33.Final
2021-02-03 16:26:24 [main] INFO  org.xnio - XNIO version 3.3.8.Final
2021-02-03 16:26:24 [main] INFO  org.xnio.nio - XNIO NIO Implementation Version 3.3.8.Final
2021-02-03 16:26:24 [main] INFO  com.ruoyi.RuoYiApplication - Started RuoYiApplication in 7.772 seconds (JVM running for 8.859)
2021-02-03 16:39:28 [background-preinit] INFO  o.h.validator.internal.util.Version - HV000001: Hibernate Validator 6.0.21.Final
2021-02-03 16:39:28 [main] INFO  com.ruoyi.RuoYiApplication - Starting RuoYiApplication on 小米AAA with PID 14064 (E:\gitee_project\RY-Vue-Plus\ruoyi-admin\target\classes started by 胡 in E:\gitee_project\RY-Vue-Plus)
2021-02-03 16:39:28 [main] INFO  com.ruoyi.RuoYiApplication - The following profiles are active: dev
2021-02-03 16:39:30 [main] INFO  io.undertow.servlet - Initializing Spring embedded WebApplicationContext
2021-02-03 16:39:33 [main] INFO  c.alibaba.druid.pool.DruidDataSource - {dataSource-1} inited
2021-02-03 16:39:33 [main] INFO  io.lettuce.core.EpollProvider - Starting without optional epoll library
2021-02-03 16:39:33 [main] INFO  io.lettuce.core.KqueueProvider - Starting without optional kqueue library
2021-02-03 16:39:35 [main] INFO  s.d.s.w.PropertySourcedRequestMappingHandlerMapping - Mapped URL path [/v2/api-docs] onto method [springfox.documentation.swagger2.web.Swagger2Controller#getDocumentation(String, HttpServletRequest)]
2021-02-03 16:39:35 [main] INFO  s.d.s.w.p.DocumentationPluginsBootstrapper - Context refreshed
2021-02-03 16:39:35 [main] INFO  s.d.s.w.p.DocumentationPluginsBootstrapper - Found 1 custom documentation plugin(s)
2021-02-03 16:39:35 [main] INFO  s.d.s.w.s.ApiListingReferenceScanner - Scanning for api listing references
2021-02-03 16:39:36 [main] INFO  s.d.s.w.r.o.CachingOperationNameGenerator - Generating unique operation named: addUsingPOST_1
2021-02-03 16:39:36 [main] INFO  s.d.s.w.r.o.CachingOperationNameGenerator - Generating unique operation named: listUsingGET_1
2021-02-03 16:39:36 [main] INFO  s.d.s.w.r.o.CachingOperationNameGenerator - Generating unique operation named: removeUsingDELETE_1
2021-02-03 16:39:36 [main] INFO  s.d.s.w.r.o.CachingOperationNameGenerator - Generating unique operation named: removeUsingDELETE_2
2021-02-03 16:39:36 [main] INFO  s.d.s.w.r.o.CachingOperationNameGenerator - Generating unique operation named: addUsingPOST_2
2021-02-03 16:39:36 [main] INFO  s.d.s.w.r.o.CachingOperationNameGenerator - Generating unique operation named: editUsingPUT_1
2021-02-03 16:39:36 [main] INFO  s.d.s.w.r.o.CachingOperationNameGenerator - Generating unique operation named: exportUsingGET_1
2021-02-03 16:39:36 [main] INFO  s.d.s.w.r.o.CachingOperationNameGenerator - Generating unique operation named: getInfoUsingGET_1
2021-02-03 16:39:36 [main] INFO  s.d.s.w.r.o.CachingOperationNameGenerator - Generating unique operation named: listUsingGET_2
2021-02-03 16:39:36 [main] INFO  s.d.s.w.r.o.CachingOperationNameGenerator - Generating unique operation named: removeUsingDELETE_3
2021-02-03 16:39:36 [main] INFO  s.d.s.w.r.o.CachingOperationNameGenerator - Generating unique operation named: getGoodCommentsUsingGET_1
2021-02-03 16:39:36 [main] INFO  s.d.s.w.r.o.CachingOperationNameGenerator - Generating unique operation named: getPoorCommentsUsingGET_1
2021-02-03 16:39:36 [main] INFO  s.d.s.w.r.o.CachingOperationNameGenerator - Generating unique operation named: listUsingGET_3
2021-02-03 16:39:36 [main] INFO  s.d.s.w.r.o.CachingOperationNameGenerator - Generating unique operation named: deleteUsingDELETE_1
2021-02-03 16:39:36 [main] INFO  io.undertow - starting server: Undertow - 2.0.33.Final
2021-02-03 16:39:36 [main] INFO  org.xnio - XNIO version 3.3.8.Final
2021-02-03 16:39:36 [main] INFO  org.xnio.nio - XNIO NIO Implementation Version 3.3.8.Final
2021-02-03 16:39:36 [main] INFO  com.ruoyi.RuoYiApplication - Started RuoYiApplication in 8.156 seconds (JVM running for 9.131)
2021-02-03 16:41:48 [background-preinit] INFO  o.h.validator.internal.util.Version - HV000001: Hibernate Validator 6.0.21.Final
2021-02-03 16:41:48 [main] INFO  com.ruoyi.RuoYiApplication - Starting RuoYiApplication on 小米AAA with PID 17868 (E:\gitee_project\RY-Vue-Plus\ruoyi-admin\target\classes started by 胡 in E:\gitee_project\RY-Vue-Plus)
2021-02-03 16:41:48 [main] INFO  com.ruoyi.RuoYiApplication - The following profiles are active: dev
2021-02-03 16:41:50 [main] INFO  io.undertow.servlet - Initializing Spring embedded WebApplicationContext
2021-02-03 16:41:52 [main] INFO  c.alibaba.druid.pool.DruidDataSource - {dataSource-1} inited
2021-02-03 16:41:53 [main] INFO  io.lettuce.core.EpollProvider - Starting without optional epoll library
2021-02-03 16:41:53 [main] INFO  io.lettuce.core.KqueueProvider - Starting without optional kqueue library
2021-02-03 16:41:54 [main] INFO  s.d.s.w.PropertySourcedRequestMappingHandlerMapping - Mapped URL path [/v2/api-docs] onto method [springfox.documentation.swagger2.web.Swagger2Controller#getDocumentation(String, HttpServletRequest)]
2021-02-03 16:41:55 [main] INFO  s.d.s.w.p.DocumentationPluginsBootstrapper - Context refreshed
2021-02-03 16:41:55 [main] INFO  s.d.s.w.p.DocumentationPluginsBootstrapper - Found 1 custom documentation plugin(s)
2021-02-03 16:41:55 [main] INFO  s.d.s.w.s.ApiListingReferenceScanner - Scanning for api listing references
2021-02-03 16:41:55 [main] INFO  s.d.s.w.r.o.CachingOperationNameGenerator - Generating unique operation named: addUsingPOST_1
2021-02-03 16:41:55 [main] INFO  s.d.s.w.r.o.CachingOperationNameGenerator - Generating unique operation named: listUsingGET_1
2021-02-03 16:41:55 [main] INFO  s.d.s.w.r.o.CachingOperationNameGenerator - Generating unique operation named: removeUsingDELETE_1
2021-02-03 16:41:55 [main] INFO  s.d.s.w.r.o.CachingOperationNameGenerator - Generating unique operation named: removeUsingDELETE_2
2021-02-03 16:41:55 [main] INFO  s.d.s.w.r.o.CachingOperationNameGenerator - Generating unique operation named: addUsingPOST_2
2021-02-03 16:41:55 [main] INFO  s.d.s.w.r.o.CachingOperationNameGenerator - Generating unique operation named: editUsingPUT_1
2021-02-03 16:41:55 [main] INFO  s.d.s.w.r.o.CachingOperationNameGenerator - Generating unique operation named: exportUsingGET_1
2021-02-03 16:41:55 [main] INFO  s.d.s.w.r.o.CachingOperationNameGenerator - Generating unique operation named: getInfoUsingGET_1
2021-02-03 16:41:55 [main] INFO  s.d.s.w.r.o.CachingOperationNameGenerator - Generating unique operation named: listUsingGET_2
2021-02-03 16:41:55 [main] INFO  s.d.s.w.r.o.CachingOperationNameGenerator - Generating unique operation named: removeUsingDELETE_3
2021-02-03 16:41:55 [main] INFO  s.d.s.w.r.o.CachingOperationNameGenerator - Generating unique operation named: getGoodCommentsUsingGET_1
2021-02-03 16:41:55 [main] INFO  s.d.s.w.r.o.CachingOperationNameGenerator - Generating unique operation named: getPoorCommentsUsingGET_1
2021-02-03 16:41:55 [main] INFO  s.d.s.w.r.o.CachingOperationNameGenerator - Generating unique operation named: listUsingGET_3
2021-02-03 16:41:55 [main] INFO  s.d.s.w.r.o.CachingOperationNameGenerator - Generating unique operation named: deleteUsingDELETE_1
2021-02-03 16:41:55 [main] INFO  io.undertow - starting server: Undertow - 2.0.33.Final
2021-02-03 16:41:55 [main] INFO  org.xnio - XNIO version 3.3.8.Final
2021-02-03 16:41:56 [main] INFO  org.xnio.nio - XNIO NIO Implementation Version 3.3.8.Final
2021-02-03 16:41:56 [main] INFO  com.ruoyi.RuoYiApplication - Started RuoYiApplication in 8.3 seconds (JVM running for 9.296)
2021-02-03 16:57:32 [background-preinit] INFO  o.h.validator.internal.util.Version - HV000001: Hibernate Validator 6.0.21.Final
2021-02-03 16:57:32 [main] INFO  com.ruoyi.RuoYiApplication - Starting RuoYiApplication on 小米AAA with PID 12464 (E:\gitee_project\RY-Vue-Plus\ruoyi-admin\target\classes started by 胡 in E:\gitee_project\RY-Vue-Plus)
2021-02-03 16:57:32 [main] INFO  com.ruoyi.RuoYiApplication - The following profiles are active: dev
2021-02-03 16:57:34 [main] INFO  io.undertow.servlet - Initializing Spring embedded WebApplicationContext
2021-02-03 16:57:37 [main] INFO  c.alibaba.druid.pool.DruidDataSource - {dataSource-1} inited
2021-02-03 16:57:38 [main] INFO  io.lettuce.core.EpollProvider - Starting without optional epoll library
2021-02-03 16:57:38 [main] INFO  io.lettuce.core.KqueueProvider - Starting without optional kqueue library
2021-02-03 16:57:39 [main] INFO  s.d.s.w.PropertySourcedRequestMappingHandlerMapping - Mapped URL path [/v2/api-docs] onto method [springfox.documentation.swagger2.web.Swagger2Controller#getDocumentation(String, HttpServletRequest)]
2021-02-03 16:57:40 [main] INFO  s.d.s.w.p.DocumentationPluginsBootstrapper - Context refreshed
2021-02-03 16:57:40 [main] INFO  s.d.s.w.p.DocumentationPluginsBootstrapper - Found 1 custom documentation plugin(s)
2021-02-03 16:57:40 [main] INFO  s.d.s.w.s.ApiListingReferenceScanner - Scanning for api listing references
2021-02-03 16:57:40 [main] INFO  s.d.s.w.r.o.CachingOperationNameGenerator - Generating unique operation named: addUsingPOST_1
2021-02-03 16:57:40 [main] INFO  s.d.s.w.r.o.CachingOperationNameGenerator - Generating unique operation named: listUsingGET_1
2021-02-03 16:57:40 [main] INFO  s.d.s.w.r.o.CachingOperationNameGenerator - Generating unique operation named: removeUsingDELETE_1
2021-02-03 16:57:40 [main] INFO  s.d.s.w.r.o.CachingOperationNameGenerator - Generating unique operation named: removeUsingDELETE_2
2021-02-03 16:57:40 [main] INFO  s.d.s.w.r.o.CachingOperationNameGenerator - Generating unique operation named: addUsingPOST_2
2021-02-03 16:57:40 [main] INFO  s.d.s.w.r.o.CachingOperationNameGenerator - Generating unique operation named: editUsingPUT_1
2021-02-03 16:57:40 [main] INFO  s.d.s.w.r.o.CachingOperationNameGenerator - Generating unique operation named: exportUsingGET_1
2021-02-03 16:57:40 [main] INFO  s.d.s.w.r.o.CachingOperationNameGenerator - Generating unique operation named: getInfoUsingGET_1
2021-02-03 16:57:40 [main] INFO  s.d.s.w.r.o.CachingOperationNameGenerator - Generating unique operation named: listUsingGET_2
2021-02-03 16:57:40 [main] INFO  s.d.s.w.r.o.CachingOperationNameGenerator - Generating unique operation named: removeUsingDELETE_3
2021-02-03 16:57:40 [main] INFO  s.d.s.w.r.o.CachingOperationNameGenerator - Generating unique operation named: getGoodCommentsUsingGET_1
2021-02-03 16:57:40 [main] INFO  s.d.s.w.r.o.CachingOperationNameGenerator - Generating unique operation named: getPoorCommentsUsingGET_1
2021-02-03 16:57:40 [main] INFO  s.d.s.w.r.o.CachingOperationNameGenerator - Generating unique operation named: listUsingGET_3
2021-02-03 16:57:40 [main] INFO  s.d.s.w.r.o.CachingOperationNameGenerator - Generating unique operation named: deleteUsingDELETE_1
2021-02-03 16:57:40 [main] INFO  io.undertow - starting server: Undertow - 2.0.33.Final
2021-02-03 16:57:40 [main] INFO  org.xnio - XNIO version 3.3.8.Final
2021-02-03 16:57:40 [main] INFO  org.xnio.nio - XNIO NIO Implementation Version 3.3.8.Final
2021-02-03 16:57:40 [main] INFO  com.ruoyi.RuoYiApplication - Started RuoYiApplication in 8.457 seconds (JVM running for 9.483)
2021-02-03 17:02:22 [background-preinit] INFO  o.h.validator.internal.util.Version - HV000001: Hibernate Validator 6.0.21.Final
2021-02-03 17:02:22 [main] INFO  com.ruoyi.RuoYiApplication - Starting RuoYiApplication on 小米AAA with PID 7280 (E:\gitee_project\RY-Vue-Plus\ruoyi-admin\target\classes started by 胡 in E:\gitee_project\RY-Vue-Plus)
2021-02-03 17:02:22 [main] INFO  com.ruoyi.RuoYiApplication - The following profiles are active: dev
2021-02-03 17:02:24 [main] INFO  io.undertow.servlet - Initializing Spring embedded WebApplicationContext
2021-02-03 17:02:27 [main] INFO  c.alibaba.druid.pool.DruidDataSource - {dataSource-1} inited
2021-02-03 17:02:27 [main] INFO  io.lettuce.core.EpollProvider - Starting without optional epoll library
2021-02-03 17:02:27 [main] INFO  io.lettuce.core.KqueueProvider - Starting without optional kqueue library
2021-02-03 17:02:29 [main] INFO  s.d.s.w.PropertySourcedRequestMappingHandlerMapping - Mapped URL path [/v2/api-docs] onto method [springfox.documentation.swagger2.web.Swagger2Controller#getDocumentation(String, HttpServletRequest)]
2021-02-03 17:02:29 [main] INFO  s.d.s.w.p.DocumentationPluginsBootstrapper - Context refreshed
2021-02-03 17:02:29 [main] INFO  s.d.s.w.p.DocumentationPluginsBootstrapper - Found 1 custom documentation plugin(s)
2021-02-03 17:02:29 [main] INFO  s.d.s.w.s.ApiListingReferenceScanner - Scanning for api listing references
2021-02-03 17:02:29 [main] INFO  s.d.s.w.r.o.CachingOperationNameGenerator - Generating unique operation named: addUsingPOST_1
2021-02-03 17:02:29 [main] INFO  s.d.s.w.r.o.CachingOperationNameGenerator - Generating unique operation named: listUsingGET_1
2021-02-03 17:02:29 [main] INFO  s.d.s.w.r.o.CachingOperationNameGenerator - Generating unique operation named: removeUsingDELETE_1
2021-02-03 17:02:29 [main] INFO  s.d.s.w.r.o.CachingOperationNameGenerator - Generating unique operation named: removeUsingDELETE_2
2021-02-03 17:02:29 [main] INFO  s.d.s.w.r.o.CachingOperationNameGenerator - Generating unique operation named: addUsingPOST_2
2021-02-03 17:02:29 [main] INFO  s.d.s.w.r.o.CachingOperationNameGenerator - Generating unique operation named: editUsingPUT_1
2021-02-03 17:02:29 [main] INFO  s.d.s.w.r.o.CachingOperationNameGenerator - Generating unique operation named: exportUsingGET_1
2021-02-03 17:02:29 [main] INFO  s.d.s.w.r.o.CachingOperationNameGenerator - Generating unique operation named: getInfoUsingGET_1
2021-02-03 17:02:29 [main] INFO  s.d.s.w.r.o.CachingOperationNameGenerator - Generating unique operation named: listUsingGET_2
2021-02-03 17:02:30 [main] INFO  s.d.s.w.r.o.CachingOperationNameGenerator - Generating unique operation named: removeUsingDELETE_3
2021-02-03 17:02:30 [main] INFO  s.d.s.w.r.o.CachingOperationNameGenerator - Generating unique operation named: getGoodCommentsUsingGET_1
2021-02-03 17:02:30 [main] INFO  s.d.s.w.r.o.CachingOperationNameGenerator - Generating unique operation named: getPoorCommentsUsingGET_1
2021-02-03 17:02:30 [main] INFO  s.d.s.w.r.o.CachingOperationNameGenerator - Generating unique operation named: listUsingGET_3
2021-02-03 17:02:30 [main] INFO  s.d.s.w.r.o.CachingOperationNameGenerator - Generating unique operation named: deleteUsingDELETE_1
2021-02-03 17:02:30 [main] INFO  io.undertow - starting server: Undertow - 2.0.33.Final
2021-02-03 17:02:30 [main] INFO  org.xnio - XNIO version 3.3.8.Final
2021-02-03 17:02:30 [main] INFO  org.xnio.nio - XNIO NIO Implementation Version 3.3.8.Final
2021-02-03 17:02:30 [main] INFO  com.ruoyi.RuoYiApplication - Started RuoYiApplication in 8.075 seconds (JVM running for 9.181)
2021-02-03 17:07:17 [background-preinit] INFO  o.h.validator.internal.util.Version - HV000001: Hibernate Validator 6.0.21.Final
2021-02-03 17:07:17 [main] INFO  com.ruoyi.RuoYiApplication - Starting RuoYiApplication on 小米AAA with PID 12820 (E:\gitee_project\RY-Vue-Plus\ruoyi-admin\target\classes started by 胡 in E:\gitee_project\RY-Vue-Plus)
2021-02-03 17:07:17 [main] INFO  com.ruoyi.RuoYiApplication - The following profiles are active: dev
2021-02-03 17:07:19 [main] INFO  io.undertow.servlet - Initializing Spring embedded WebApplicationContext
2021-02-03 17:07:21 [main] INFO  c.alibaba.druid.pool.DruidDataSource - {dataSource-1} inited
2021-02-03 17:07:22 [main] INFO  io.lettuce.core.EpollProvider - Starting without optional epoll library
2021-02-03 17:07:22 [main] INFO  io.lettuce.core.KqueueProvider - Starting without optional kqueue library
2021-02-03 17:07:23 [main] INFO  s.d.s.w.PropertySourcedRequestMappingHandlerMapping - Mapped URL path [/v2/api-docs] onto method [springfox.documentation.swagger2.web.Swagger2Controller#getDocumentation(String, HttpServletRequest)]
2021-02-03 17:07:24 [main] INFO  s.d.s.w.p.DocumentationPluginsBootstrapper - Context refreshed
2021-02-03 17:07:24 [main] INFO  s.d.s.w.p.DocumentationPluginsBootstrapper - Found 1 custom documentation plugin(s)
2021-02-03 17:07:24 [main] INFO  s.d.s.w.s.ApiListingReferenceScanner - Scanning for api listing references
2021-02-03 17:07:24 [main] INFO  s.d.s.w.r.o.CachingOperationNameGenerator - Generating unique operation named: addUsingPOST_1
2021-02-03 17:07:24 [main] INFO  s.d.s.w.r.o.CachingOperationNameGenerator - Generating unique operation named: listUsingGET_1
2021-02-03 17:07:24 [main] INFO  s.d.s.w.r.o.CachingOperationNameGenerator - Generating unique operation named: removeUsingDELETE_1
2021-02-03 17:07:24 [main] INFO  s.d.s.w.r.o.CachingOperationNameGenerator - Generating unique operation named: removeUsingDELETE_2
2021-02-03 17:07:24 [main] INFO  s.d.s.w.r.o.CachingOperationNameGenerator - Generating unique operation named: addUsingPOST_2
2021-02-03 17:07:24 [main] INFO  s.d.s.w.r.o.CachingOperationNameGenerator - Generating unique operation named: editUsingPUT_1
2021-02-03 17:07:24 [main] INFO  s.d.s.w.r.o.CachingOperationNameGenerator - Generating unique operation named: exportUsingGET_1
2021-02-03 17:07:24 [main] INFO  s.d.s.w.r.o.CachingOperationNameGenerator - Generating unique operation named: getInfoUsingGET_1
2021-02-03 17:07:24 [main] INFO  s.d.s.w.r.o.CachingOperationNameGenerator - Generating unique operation named: listUsingGET_2
2021-02-03 17:07:24 [main] INFO  s.d.s.w.r.o.CachingOperationNameGenerator - Generating unique operation named: removeUsingDELETE_3
2021-02-03 17:07:24 [main] INFO  s.d.s.w.r.o.CachingOperationNameGenerator - Generating unique operation named: getGoodCommentsUsingGET_1
2021-02-03 17:07:24 [main] INFO  s.d.s.w.r.o.CachingOperationNameGenerator - Generating unique operation named: getPoorCommentsUsingGET_1
2021-02-03 17:07:24 [main] INFO  s.d.s.w.r.o.CachingOperationNameGenerator - Generating unique operation named: listUsingGET_3
2021-02-03 17:07:24 [main] INFO  s.d.s.w.r.o.CachingOperationNameGenerator - Generating unique operation named: deleteUsingDELETE_1
2021-02-03 17:07:24 [main] INFO  io.undertow - starting server: Undertow - 2.0.33.Final
2021-02-03 17:07:24 [main] INFO  org.xnio - XNIO version 3.3.8.Final
2021-02-03 17:07:24 [main] INFO  org.xnio.nio - XNIO NIO Implementation Version 3.3.8.Final
2021-02-03 17:07:24 [main] INFO  com.ruoyi.RuoYiApplication - Started RuoYiApplication in 7.777 seconds (JVM running for 8.893)
2021-02-03 17:08:17 [background-preinit] INFO  o.h.validator.internal.util.Version - HV000001: Hibernate Validator 6.0.21.Final
2021-02-03 17:08:17 [main] INFO  com.ruoyi.RuoYiApplication - Starting RuoYiApplication on 小米AAA with PID 16672 (E:\gitee_project\RY-Vue-Plus\ruoyi-admin\target\classes started by 胡 in E:\gitee_project\RY-Vue-Plus)
2021-02-03 17:08:17 [main] INFO  com.ruoyi.RuoYiApplication - The following profiles are active: dev
2021-02-03 17:08:19 [main] INFO  io.undertow.servlet - Initializing Spring embedded WebApplicationContext
2021-02-03 17:08:21 [main] INFO  c.alibaba.druid.pool.DruidDataSource - {dataSource-1} inited
2021-02-03 17:08:22 [main] INFO  io.lettuce.core.EpollProvider - Starting without optional epoll library
2021-02-03 17:08:22 [main] INFO  io.lettuce.core.KqueueProvider - Starting without optional kqueue library
2021-02-03 17:08:23 [main] INFO  s.d.s.w.PropertySourcedRequestMappingHandlerMapping - Mapped URL path [/v2/api-docs] onto method [springfox.documentation.swagger2.web.Swagger2Controller#getDocumentation(String, HttpServletRequest)]
2021-02-03 17:08:24 [main] INFO  sys-user - ====关闭后台任务任务线程池====
2021-02-03 17:08:24 [main] INFO  c.alibaba.druid.pool.DruidDataSource - {dataSource-1} closing ...
2021-02-03 17:08:24 [main] INFO  c.alibaba.druid.pool.DruidDataSource - {dataSource-1} closed
2021-02-03 17:08:50 [background-preinit] INFO  o.h.validator.internal.util.Version - HV000001: Hibernate Validator 6.0.21.Final
2021-02-03 17:08:50 [main] INFO  com.ruoyi.RuoYiApplication - Starting RuoYiApplication on 小米AAA with PID 11248 (E:\gitee_project\RY-Vue-Plus\ruoyi-admin\target\classes started by 胡 in E:\gitee_project\RY-Vue-Plus)
2021-02-03 17:08:50 [main] INFO  com.ruoyi.RuoYiApplication - The following profiles are active: dev
2021-02-03 17:08:52 [main] INFO  io.undertow.servlet - Initializing Spring embedded WebApplicationContext
2021-02-03 17:08:54 [main] INFO  c.alibaba.druid.pool.DruidDataSource - {dataSource-1} inited
2021-02-03 17:08:55 [main] INFO  io.lettuce.core.EpollProvider - Starting without optional epoll library
2021-02-03 17:08:55 [main] INFO  io.lettuce.core.KqueueProvider - Starting without optional kqueue library
2021-02-03 17:08:56 [main] INFO  s.d.s.w.PropertySourcedRequestMappingHandlerMapping - Mapped URL path [/v2/api-docs] onto method [springfox.documentation.swagger2.web.Swagger2Controller#getDocumentation(String, HttpServletRequest)]
2021-02-03 17:08:57 [main] INFO  sys-user - ====关闭后台任务任务线程池====
2021-02-03 17:08:57 [main] INFO  c.alibaba.druid.pool.DruidDataSource - {dataSource-1} closing ...
2021-02-03 17:08:57 [main] INFO  c.alibaba.druid.pool.DruidDataSource - {dataSource-1} closed
2021-02-03 17:10:15 [background-preinit] INFO  o.h.validator.internal.util.Version - HV000001: Hibernate Validator 6.0.21.Final
2021-02-03 17:10:15 [main] INFO  com.ruoyi.RuoYiApplication - Starting RuoYiApplication on 小米AAA with PID 17568 (E:\gitee_project\RY-Vue-Plus\ruoyi-admin\target\classes started by 胡 in E:\gitee_project\RY-Vue-Plus)
2021-02-03 17:10:15 [main] INFO  com.ruoyi.RuoYiApplication - The following profiles are active: dev
2021-02-03 17:10:16 [main] INFO  io.undertow.servlet - Initializing Spring embedded WebApplicationContext
2021-02-03 17:10:19 [main] INFO  c.alibaba.druid.pool.DruidDataSource - {dataSource-1} inited
2021-02-03 17:10:19 [main] INFO  io.lettuce.core.EpollProvider - Starting without optional epoll library
2021-02-03 17:10:19 [main] INFO  io.lettuce.core.KqueueProvider - Starting without optional kqueue library
2021-02-03 17:10:21 [main] INFO  s.d.s.w.PropertySourcedRequestMappingHandlerMapping - Mapped URL path [/v2/api-docs] onto method [springfox.documentation.swagger2.web.Swagger2Controller#getDocumentation(String, HttpServletRequest)]
2021-02-03 17:10:22 [main] INFO  s.d.s.w.p.DocumentationPluginsBootstrapper - Context refreshed
2021-02-03 17:10:22 [main] INFO  s.d.s.w.p.DocumentationPluginsBootstrapper - Found 1 custom documentation plugin(s)
2021-02-03 17:10:22 [main] INFO  s.d.s.w.s.ApiListingReferenceScanner - Scanning for api listing references
2021-02-03 17:10:22 [main] INFO  s.d.s.w.r.o.CachingOperationNameGenerator - Generating unique operation named: addUsingPOST_1
2021-02-03 17:10:22 [main] INFO  s.d.s.w.r.o.CachingOperationNameGenerator - Generating unique operation named: listUsingGET_1
2021-02-03 17:10:22 [main] INFO  s.d.s.w.r.o.CachingOperationNameGenerator - Generating unique operation named: removeUsingDELETE_1
2021-02-03 17:10:22 [main] INFO  s.d.s.w.r.o.CachingOperationNameGenerator - Generating unique operation named: removeUsingDELETE_2
2021-02-03 17:10:22 [main] INFO  s.d.s.w.r.o.CachingOperationNameGenerator - Generating unique operation named: addUsingPOST_2
2021-02-03 17:10:22 [main] INFO  s.d.s.w.r.o.CachingOperationNameGenerator - Generating unique operation named: editUsingPUT_1
2021-02-03 17:10:22 [main] INFO  s.d.s.w.r.o.CachingOperationNameGenerator - Generating unique operation named: exportUsingGET_1
2021-02-03 17:10:22 [main] INFO  s.d.s.w.r.o.CachingOperationNameGenerator - Generating unique operation named: getInfoUsingGET_1
2021-02-03 17:10:22 [main] INFO  s.d.s.w.r.o.CachingOperationNameGenerator - Generating unique operation named: listUsingGET_2
2021-02-03 17:10:22 [main] INFO  s.d.s.w.r.o.CachingOperationNameGenerator - Generating unique operation named: removeUsingDELETE_3
2021-02-03 17:10:22 [main] INFO  s.d.s.w.r.o.CachingOperationNameGenerator - Generating unique operation named: getGoodCommentsUsingGET_1
2021-02-03 17:10:22 [main] INFO  s.d.s.w.r.o.CachingOperationNameGenerator - Generating unique operation named: getPoorCommentsUsingGET_1
2021-02-03 17:10:22 [main] INFO  s.d.s.w.r.o.CachingOperationNameGenerator - Generating unique operation named: listUsingGET_3
2021-02-03 17:10:22 [main] INFO  s.d.s.w.r.o.CachingOperationNameGenerator - Generating unique operation named: deleteUsingDELETE_1
2021-02-03 17:10:22 [main] INFO  io.undertow - starting server: Undertow - 2.0.33.Final
2021-02-03 17:10:22 [main] INFO  org.xnio - XNIO version 3.3.8.Final
2021-02-03 17:10:22 [main] INFO  org.xnio.nio - XNIO NIO Implementation Version 3.3.8.Final
2021-02-03 17:10:22 [main] INFO  com.ruoyi.RuoYiApplication - Started RuoYiApplication in 7.911 seconds (JVM running for 9.006)
2021-02-03 17:18:12 [background-preinit] INFO  o.h.validator.internal.util.Version - HV000001: Hibernate Validator 6.0.21.Final
2021-02-03 17:18:12 [main] INFO  com.ruoyi.RuoYiApplication - Starting RuoYiApplication on 小米AAA with PID 7960 (E:\gitee_project\RY-Vue-Plus\ruoyi-admin\target\classes started by 胡 in E:\gitee_project\RY-Vue-Plus)
2021-02-03 17:18:12 [main] INFO  com.ruoyi.RuoYiApplication - The following profiles are active: dev
2021-02-03 17:19:47 [main] INFO  com.ruoyi.RuoYiApplication - Starting RuoYiApplication on 小米AAA with PID 5160 (E:\gitee_project\RY-Vue-Plus\ruoyi-admin\target\classes started by 胡 in E:\gitee_project\RY-Vue-Plus)
2021-02-03 17:19:47 [background-preinit] INFO  o.h.validator.internal.util.Version - HV000001: Hibernate Validator 6.0.21.Final
2021-02-03 17:19:47 [main] INFO  com.ruoyi.RuoYiApplication - The following profiles are active: dev
2021-02-03 17:19:49 [main] INFO  io.undertow.servlet - Initializing Spring embedded WebApplicationContext
2021-02-03 17:19:52 [main] INFO  c.alibaba.druid.pool.DruidDataSource - {dataSource-1} inited
2021-02-03 17:19:52 [main] INFO  io.lettuce.core.EpollProvider - Starting without optional epoll library
2021-02-03 17:19:52 [main] INFO  io.lettuce.core.KqueueProvider - Starting without optional kqueue library
2021-02-03 17:19:54 [main] INFO  s.d.s.w.PropertySourcedRequestMappingHandlerMapping - Mapped URL path [/v2/api-docs] onto method [springfox.documentation.swagger2.web.Swagger2Controller#getDocumentation(String, HttpServletRequest)]
2021-02-03 17:19:55 [main] INFO  s.d.s.w.p.DocumentationPluginsBootstrapper - Context refreshed
2021-02-03 17:19:55 [main] INFO  s.d.s.w.p.DocumentationPluginsBootstrapper - Found 1 custom documentation plugin(s)
2021-02-03 17:19:55 [main] INFO  s.d.s.w.s.ApiListingReferenceScanner - Scanning for api listing references
2021-02-03 17:19:55 [main] INFO  s.d.s.w.r.o.CachingOperationNameGenerator - Generating unique operation named: addUsingPOST_1
2021-02-03 17:19:55 [main] INFO  s.d.s.w.r.o.CachingOperationNameGenerator - Generating unique operation named: listUsingGET_1
2021-02-03 17:19:55 [main] INFO  s.d.s.w.r.o.CachingOperationNameGenerator - Generating unique operation named: removeUsingDELETE_1
2021-02-03 17:19:55 [main] INFO  s.d.s.w.r.o.CachingOperationNameGenerator - Generating unique operation named: removeUsingDELETE_2
2021-02-03 17:19:55 [main] INFO  s.d.s.w.r.o.CachingOperationNameGenerator - Generating unique operation named: addUsingPOST_2
2021-02-03 17:19:55 [main] INFO  s.d.s.w.r.o.CachingOperationNameGenerator - Generating unique operation named: editUsingPUT_1
2021-02-03 17:19:55 [main] INFO  s.d.s.w.r.o.CachingOperationNameGenerator - Generating unique operation named: exportUsingGET_1
2021-02-03 17:19:55 [main] INFO  s.d.s.w.r.o.CachingOperationNameGenerator - Generating unique operation named: getInfoUsingGET_1
2021-02-03 17:19:55 [main] INFO  s.d.s.w.r.o.CachingOperationNameGenerator - Generating unique operation named: listUsingGET_2
2021-02-03 17:19:55 [main] INFO  s.d.s.w.r.o.CachingOperationNameGenerator - Generating unique operation named: removeUsingDELETE_3
2021-02-03 17:19:55 [main] INFO  s.d.s.w.r.o.CachingOperationNameGenerator - Generating unique operation named: getGoodCommentsUsingGET_1
2021-02-03 17:19:55 [main] INFO  s.d.s.w.r.o.CachingOperationNameGenerator - Generating unique operation named: getPoorCommentsUsingGET_1
2021-02-03 17:19:55 [main] INFO  s.d.s.w.r.o.CachingOperationNameGenerator - Generating unique operation named: listUsingGET_3
2021-02-03 17:19:55 [main] INFO  s.d.s.w.r.o.CachingOperationNameGenerator - Generating unique operation named: deleteUsingDELETE_1
2021-02-03 17:19:55 [main] INFO  io.undertow - starting server: Undertow - 2.0.33.Final
2021-02-03 17:19:55 [main] INFO  org.xnio - XNIO version 3.3.8.Final
2021-02-03 17:19:55 [main] INFO  org.xnio.nio - XNIO NIO Implementation Version 3.3.8.Final
2021-02-03 17:19:55 [main] INFO  com.ruoyi.RuoYiApplication - Started RuoYiApplication in 8.66 seconds (JVM running for 9.685)
2021-02-03 17:20:44 [background-preinit] INFO  o.h.validator.internal.util.Version - HV000001: Hibernate Validator 6.0.21.Final
2021-02-03 17:20:44 [main] INFO  com.ruoyi.RuoYiApplication - Starting RuoYiApplication on 小米AAA with PID 2640 (E:\gitee_project\RY-Vue-Plus\ruoyi-admin\target\classes started by 胡 in E:\gitee_project\RY-Vue-Plus)
2021-02-03 17:20:44 [main] INFO  com.ruoyi.RuoYiApplication - The following profiles are active: dev
2021-02-03 17:20:46 [main] INFO  io.undertow.servlet - Initializing Spring embedded WebApplicationContext
2021-02-03 17:20:49 [main] INFO  c.alibaba.druid.pool.DruidDataSource - {dataSource-1} inited
2021-02-03 17:20:49 [main] INFO  io.lettuce.core.EpollProvider - Starting without optional epoll library
2021-02-03 17:20:49 [main] INFO  io.lettuce.core.KqueueProvider - Starting without optional kqueue library
2021-02-03 17:20:51 [main] INFO  s.d.s.w.PropertySourcedRequestMappingHandlerMapping - Mapped URL path [/v2/api-docs] onto method [springfox.documentation.swagger2.web.Swagger2Controller#getDocumentation(String, HttpServletRequest)]
2021-02-03 17:20:52 [main] INFO  s.d.s.w.p.DocumentationPluginsBootstrapper - Context refreshed
2021-02-03 17:20:52 [main] INFO  s.d.s.w.p.DocumentationPluginsBootstrapper - Found 1 custom documentation plugin(s)
2021-02-03 17:20:52 [main] INFO  s.d.s.w.s.ApiListingReferenceScanner - Scanning for api listing references
2021-02-03 17:20:52 [main] INFO  s.d.s.w.r.o.CachingOperationNameGenerator - Generating unique operation named: addUsingPOST_1
2021-02-03 17:20:52 [main] INFO  s.d.s.w.r.o.CachingOperationNameGenerator - Generating unique operation named: listUsingGET_1
2021-02-03 17:20:52 [main] INFO  s.d.s.w.r.o.CachingOperationNameGenerator - Generating unique operation named: removeUsingDELETE_1
2021-02-03 17:20:52 [main] INFO  s.d.s.w.r.o.CachingOperationNameGenerator - Generating unique operation named: removeUsingDELETE_2
2021-02-03 17:20:52 [main] INFO  s.d.s.w.r.o.CachingOperationNameGenerator - Generating unique operation named: addUsingPOST_2
2021-02-03 17:20:52 [main] INFO  s.d.s.w.r.o.CachingOperationNameGenerator - Generating unique operation named: editUsingPUT_1
2021-02-03 17:20:52 [main] INFO  s.d.s.w.r.o.CachingOperationNameGenerator - Generating unique operation named: exportUsingGET_1
2021-02-03 17:20:52 [main] INFO  s.d.s.w.r.o.CachingOperationNameGenerator - Generating unique operation named: getInfoUsingGET_1
2021-02-03 17:20:52 [main] INFO  s.d.s.w.r.o.CachingOperationNameGenerator - Generating unique operation named: listUsingGET_2
2021-02-03 17:20:52 [main] INFO  s.d.s.w.r.o.CachingOperationNameGenerator - Generating unique operation named: removeUsingDELETE_3
2021-02-03 17:20:52 [main] INFO  s.d.s.w.r.o.CachingOperationNameGenerator - Generating unique operation named: getGoodCommentsUsingGET_1
2021-02-03 17:20:52 [main] INFO  s.d.s.w.r.o.CachingOperationNameGenerator - Generating unique operation named: getPoorCommentsUsingGET_1
2021-02-03 17:20:52 [main] INFO  s.d.s.w.r.o.CachingOperationNameGenerator - Generating unique operation named: listUsingGET_3
2021-02-03 17:20:52 [main] INFO  s.d.s.w.r.o.CachingOperationNameGenerator - Generating unique operation named: deleteUsingDELETE_1
2021-02-03 17:20:52 [main] INFO  io.undertow - starting server: Undertow - 2.0.33.Final
2021-02-03 17:20:52 [main] INFO  org.xnio - XNIO version 3.3.8.Final
2021-02-03 17:20:52 [main] INFO  org.xnio.nio - XNIO NIO Implementation Version 3.3.8.Final
2021-02-03 17:20:52 [main] INFO  com.ruoyi.RuoYiApplication - Started RuoYiApplication in 7.916 seconds (JVM running for 9.028)
2021-02-03 17:21:20 [background-preinit] INFO  o.h.validator.internal.util.Version - HV000001: Hibernate Validator 6.0.21.Final
2021-02-03 17:21:20 [main] INFO  com.ruoyi.RuoYiApplication - Starting RuoYiApplication on 小米AAA with PID 5872 (E:\gitee_project\RY-Vue-Plus\ruoyi-admin\target\classes started by 胡 in E:\gitee_project\RY-Vue-Plus)
2021-02-03 17:21:20 [main] INFO  com.ruoyi.RuoYiApplication - The following profiles are active: dev
2021-02-03 17:21:22 [main] INFO  io.undertow.servlet - Initializing Spring embedded WebApplicationContext
2021-02-03 17:21:24 [main] INFO  c.alibaba.druid.pool.DruidDataSource - {dataSource-1} inited
2021-02-03 17:21:24 [main] INFO  io.lettuce.core.EpollProvider - Starting without optional epoll library
2021-02-03 17:21:24 [main] INFO  io.lettuce.core.KqueueProvider - Starting without optional kqueue library
2021-02-03 17:21:26 [main] INFO  s.d.s.w.PropertySourcedRequestMappingHandlerMapping - Mapped URL path [/v2/api-docs] onto method [springfox.documentation.swagger2.web.Swagger2Controller#getDocumentation(String, HttpServletRequest)]
2021-02-03 17:21:27 [main] INFO  s.d.s.w.p.DocumentationPluginsBootstrapper - Context refreshed
2021-02-03 17:21:27 [main] INFO  s.d.s.w.p.DocumentationPluginsBootstrapper - Found 1 custom documentation plugin(s)
2021-02-03 17:21:27 [main] INFO  s.d.s.w.s.ApiListingReferenceScanner - Scanning for api listing references
2021-02-03 17:21:27 [main] INFO  s.d.s.w.r.o.CachingOperationNameGenerator - Generating unique operation named: addUsingPOST_1
2021-02-03 17:21:27 [main] INFO  s.d.s.w.r.o.CachingOperationNameGenerator - Generating unique operation named: listUsingGET_1
2021-02-03 17:21:27 [main] INFO  s.d.s.w.r.o.CachingOperationNameGenerator - Generating unique operation named: removeUsingDELETE_1
2021-02-03 17:21:27 [main] INFO  s.d.s.w.r.o.CachingOperationNameGenerator - Generating unique operation named: removeUsingDELETE_2
2021-02-03 17:21:27 [main] INFO  s.d.s.w.r.o.CachingOperationNameGenerator - Generating unique operation named: addUsingPOST_2
2021-02-03 17:21:27 [main] INFO  s.d.s.w.r.o.CachingOperationNameGenerator - Generating unique operation named: editUsingPUT_1
2021-02-03 17:21:27 [main] INFO  s.d.s.w.r.o.CachingOperationNameGenerator - Generating unique operation named: exportUsingGET_1
2021-02-03 17:21:27 [main] INFO  s.d.s.w.r.o.CachingOperationNameGenerator - Generating unique operation named: getInfoUsingGET_1
2021-02-03 17:21:27 [main] INFO  s.d.s.w.r.o.CachingOperationNameGenerator - Generating unique operation named: listUsingGET_2
2021-02-03 17:21:27 [main] INFO  s.d.s.w.r.o.CachingOperationNameGenerator - Generating unique operation named: removeUsingDELETE_3
2021-02-03 17:21:27 [main] INFO  s.d.s.w.r.o.CachingOperationNameGenerator - Generating unique operation named: getGoodCommentsUsingGET_1
2021-02-03 17:21:27 [main] INFO  s.d.s.w.r.o.CachingOperationNameGenerator - Generating unique operation named: getPoorCommentsUsingGET_1
2021-02-03 17:21:27 [main] INFO  s.d.s.w.r.o.CachingOperationNameGenerator - Generating unique operation named: listUsingGET_3
2021-02-03 17:21:27 [main] INFO  s.d.s.w.r.o.CachingOperationNameGenerator - Generating unique operation named: deleteUsingDELETE_1
2021-02-03 17:21:27 [main] INFO  io.undertow - starting server: Undertow - 2.0.33.Final
2021-02-03 17:21:27 [main] INFO  org.xnio - XNIO version 3.3.8.Final
2021-02-03 17:21:27 [main] INFO  org.xnio.nio - XNIO NIO Implementation Version 3.3.8.Final
2021-02-03 17:21:27 [main] INFO  com.ruoyi.RuoYiApplication - Started RuoYiApplication in 7.761 seconds (JVM running for 8.915)
2021-02-03 17:23:31 [background-preinit] INFO  o.h.validator.internal.util.Version - HV000001: Hibernate Validator 6.0.21.Final
2021-02-03 17:23:31 [main] INFO  com.ruoyi.RuoYiApplication - Starting RuoYiApplication on 小米AAA with PID 14024 (E:\gitee_project\RY-Vue-Plus\ruoyi-admin\target\classes started by 胡 in E:\gitee_project\RY-Vue-Plus)
2021-02-03 17:23:31 [main] INFO  com.ruoyi.RuoYiApplication - The following profiles are active: dev
2021-02-03 17:23:32 [main] INFO  io.undertow.servlet - Initializing Spring embedded WebApplicationContext
2021-02-03 17:23:35 [main] INFO  c.alibaba.druid.pool.DruidDataSource - {dataSource-1} inited
2021-02-03 17:23:35 [main] INFO  io.lettuce.core.EpollProvider - Starting without optional epoll library
2021-02-03 17:23:35 [main] INFO  io.lettuce.core.KqueueProvider - Starting without optional kqueue library
2021-02-03 17:23:37 [main] INFO  s.d.s.w.PropertySourcedRequestMappingHandlerMapping - Mapped URL path [/v2/api-docs] onto method [springfox.documentation.swagger2.web.Swagger2Controller#getDocumentation(String, HttpServletRequest)]
2021-02-03 17:23:38 [main] INFO  s.d.s.w.p.DocumentationPluginsBootstrapper - Context refreshed
2021-02-03 17:23:38 [main] INFO  s.d.s.w.p.DocumentationPluginsBootstrapper - Found 1 custom documentation plugin(s)
2021-02-03 17:23:38 [main] INFO  s.d.s.w.s.ApiListingReferenceScanner - Scanning for api listing references
2021-02-03 17:23:38 [main] INFO  s.d.s.w.r.o.CachingOperationNameGenerator - Generating unique operation named: addUsingPOST_1
2021-02-03 17:23:38 [main] INFO  s.d.s.w.r.o.CachingOperationNameGenerator - Generating unique operation named: listUsingGET_1
2021-02-03 17:23:38 [main] INFO  s.d.s.w.r.o.CachingOperationNameGenerator - Generating unique operation named: removeUsingDELETE_1
2021-02-03 17:23:38 [main] INFO  s.d.s.w.r.o.CachingOperationNameGenerator - Generating unique operation named: removeUsingDELETE_2
2021-02-03 17:23:38 [main] INFO  s.d.s.w.r.o.CachingOperationNameGenerator - Generating unique operation named: addUsingPOST_2
2021-02-03 17:23:38 [main] INFO  s.d.s.w.r.o.CachingOperationNameGenerator - Generating unique operation named: editUsingPUT_1
2021-02-03 17:23:38 [main] INFO  s.d.s.w.r.o.CachingOperationNameGenerator - Generating unique operation named: exportUsingGET_1
2021-02-03 17:23:38 [main] INFO  s.d.s.w.r.o.CachingOperationNameGenerator - Generating unique operation named: getInfoUsingGET_1
2021-02-03 17:23:38 [main] INFO  s.d.s.w.r.o.CachingOperationNameGenerator - Generating unique operation named: listUsingGET_2
2021-02-03 17:23:38 [main] INFO  s.d.s.w.r.o.CachingOperationNameGenerator - Generating unique operation named: removeUsingDELETE_3
2021-02-03 17:23:38 [main] INFO  s.d.s.w.r.o.CachingOperationNameGenerator - Generating unique operation named: getGoodCommentsUsingGET_1
2021-02-03 17:23:38 [main] INFO  s.d.s.w.r.o.CachingOperationNameGenerator - Generating unique operation named: getPoorCommentsUsingGET_1
2021-02-03 17:23:38 [main] INFO  s.d.s.w.r.o.CachingOperationNameGenerator - Generating unique operation named: listUsingGET_3
2021-02-03 17:23:38 [main] INFO  s.d.s.w.r.o.CachingOperationNameGenerator - Generating unique operation named: deleteUsingDELETE_1
2021-02-03 17:23:38 [main] INFO  io.undertow - starting server: Undertow - 2.0.33.Final
2021-02-03 17:23:38 [main] INFO  org.xnio - XNIO version 3.3.8.Final
2021-02-03 17:23:38 [main] INFO  org.xnio.nio - XNIO NIO Implementation Version 3.3.8.Final
2021-02-03 17:23:38 [main] INFO  com.ruoyi.RuoYiApplication - Started RuoYiApplication in 7.837 seconds (JVM running for 8.963)
2021-02-03 17:32:34 [XNIO-1 task-1] INFO  io.undertow.servlet - Initializing Spring DispatcherServlet 'dispatcherServlet'
2021-02-03 17:46:47 [background-preinit] INFO  o.h.validator.internal.util.Version - HV000001: Hibernate Validator 6.0.21.Final
2021-02-03 17:46:47 [main] INFO  com.ruoyi.RuoYiApplication - Starting RuoYiApplication on 小米AAA with PID 1604 (E:\gitee_project\RY-Vue-Plus\ruoyi-admin\target\classes started by 胡 in E:\gitee_project\RY-Vue-Plus)
2021-02-03 17:46:47 [main] INFO  com.ruoyi.RuoYiApplication - The following profiles are active: dev
2021-02-03 17:46:50 [main] INFO  io.undertow.servlet - Initializing Spring embedded WebApplicationContext
2021-02-03 17:46:53 [main] INFO  c.alibaba.druid.pool.DruidDataSource - {dataSource-1} inited
2021-02-03 17:46:53 [main] INFO  io.lettuce.core.EpollProvider - Starting without optional epoll library
2021-02-03 17:46:53 [main] INFO  io.lettuce.core.KqueueProvider - Starting without optional kqueue library
2021-02-03 17:46:55 [main] INFO  s.d.s.w.PropertySourcedRequestMappingHandlerMapping - Mapped URL path [/v2/api-docs] onto method [springfox.documentation.swagger2.web.Swagger2Controller#getDocumentation(String, HttpServletRequest)]
2021-02-03 17:46:55 [main] INFO  s.d.s.w.p.DocumentationPluginsBootstrapper - Context refreshed
2021-02-03 17:46:55 [main] INFO  s.d.s.w.p.DocumentationPluginsBootstrapper - Found 1 custom documentation plugin(s)
2021-02-03 17:46:55 [main] INFO  s.d.s.w.s.ApiListingReferenceScanner - Scanning for api listing references
2021-02-03 17:46:56 [main] INFO  s.d.s.w.r.o.CachingOperationNameGenerator - Generating unique operation named: addUsingPOST_1
2021-02-03 17:46:56 [main] INFO  s.d.s.w.r.o.CachingOperationNameGenerator - Generating unique operation named: listUsingGET_1
2021-02-03 17:46:56 [main] INFO  s.d.s.w.r.o.CachingOperationNameGenerator - Generating unique operation named: removeUsingDELETE_1
2021-02-03 17:46:56 [main] INFO  s.d.s.w.r.o.CachingOperationNameGenerator - Generating unique operation named: removeUsingDELETE_2
2021-02-03 17:46:56 [main] INFO  s.d.s.w.r.o.CachingOperationNameGenerator - Generating unique operation named: addUsingPOST_2
2021-02-03 17:46:56 [main] INFO  s.d.s.w.r.o.CachingOperationNameGenerator - Generating unique operation named: editUsingPUT_1
2021-02-03 17:46:56 [main] INFO  s.d.s.w.r.o.CachingOperationNameGenerator - Generating unique operation named: exportUsingGET_1
2021-02-03 17:46:56 [main] INFO  s.d.s.w.r.o.CachingOperationNameGenerator - Generating unique operation named: getInfoUsingGET_1
2021-02-03 17:46:56 [main] INFO  s.d.s.w.r.o.CachingOperationNameGenerator - Generating unique operation named: listUsingGET_2
2021-02-03 17:46:56 [main] INFO  s.d.s.w.r.o.CachingOperationNameGenerator - Generating unique operation named: removeUsingDELETE_3
2021-02-03 17:46:56 [main] INFO  s.d.s.w.r.o.CachingOperationNameGenerator - Generating unique operation named: getGoodCommentsUsingGET_1
2021-02-03 17:46:56 [main] INFO  s.d.s.w.r.o.CachingOperationNameGenerator - Generating unique operation named: getPoorCommentsUsingGET_1
2021-02-03 17:46:56 [main] INFO  s.d.s.w.r.o.CachingOperationNameGenerator - Generating unique operation named: listUsingGET_3
2021-02-03 17:46:56 [main] INFO  s.d.s.w.r.o.CachingOperationNameGenerator - Generating unique operation named: deleteUsingDELETE_1
2021-02-03 17:46:56 [main] INFO  io.undertow - starting server: Undertow - 2.0.33.Final
2021-02-03 17:46:56 [main] INFO  org.xnio - XNIO version 3.3.8.Final
2021-02-03 17:46:56 [main] INFO  org.xnio.nio - XNIO NIO Implementation Version 3.3.8.Final
2021-02-03 17:46:56 [main] INFO  com.ruoyi.RuoYiApplication - Started RuoYiApplication in 8.726 seconds (JVM running for 9.825)
2021-02-03 17:47:03 [XNIO-1 task-1] INFO  io.undertow.servlet - Initializing Spring DispatcherServlet 'dispatcherServlet'
2021-02-03 17:48:04 [background-preinit] INFO  o.h.validator.internal.util.Version - HV000001: Hibernate Validator 6.0.21.Final
2021-02-03 17:48:04 [main] INFO  com.ruoyi.RuoYiApplication - Starting RuoYiApplication on 小米AAA with PID 16948 (E:\gitee_project\RY-Vue-Plus\ruoyi-admin\target\classes started by 胡 in E:\gitee_project\RY-Vue-Plus)
2021-02-03 17:48:04 [main] INFO  com.ruoyi.RuoYiApplication - The following profiles are active: dev
2021-02-03 17:48:06 [main] INFO  io.undertow.servlet - Initializing Spring embedded WebApplicationContext
2021-02-03 17:48:09 [main] INFO  c.alibaba.druid.pool.DruidDataSource - {dataSource-1} inited
2021-02-03 17:48:09 [main] INFO  io.lettuce.core.EpollProvider - Starting without optional epoll library
2021-02-03 17:48:09 [main] INFO  io.lettuce.core.KqueueProvider - Starting without optional kqueue library
2021-02-03 17:48:10 [main] INFO  s.d.s.w.PropertySourcedRequestMappingHandlerMapping - Mapped URL path [/v2/api-docs] onto method [springfox.documentation.swagger2.web.Swagger2Controller#getDocumentation(String, HttpServletRequest)]
2021-02-03 17:48:11 [main] INFO  s.d.s.w.p.DocumentationPluginsBootstrapper - Context refreshed
2021-02-03 17:48:11 [main] INFO  s.d.s.w.p.DocumentationPluginsBootstrapper - Found 1 custom documentation plugin(s)
2021-02-03 17:48:11 [main] INFO  s.d.s.w.s.ApiListingReferenceScanner - Scanning for api listing references
2021-02-03 17:48:11 [main] INFO  s.d.s.w.r.o.CachingOperationNameGenerator - Generating unique operation named: addUsingPOST_1
2021-02-03 17:48:11 [main] INFO  s.d.s.w.r.o.CachingOperationNameGenerator - Generating unique operation named: listUsingGET_1
2021-02-03 17:48:11 [main] INFO  s.d.s.w.r.o.CachingOperationNameGenerator - Generating unique operation named: removeUsingDELETE_1
2021-02-03 17:48:11 [main] INFO  s.d.s.w.r.o.CachingOperationNameGenerator - Generating unique operation named: removeUsingDELETE_2
2021-02-03 17:48:11 [main] INFO  s.d.s.w.r.o.CachingOperationNameGenerator - Generating unique operation named: addUsingPOST_2
2021-02-03 17:48:11 [main] INFO  s.d.s.w.r.o.CachingOperationNameGenerator - Generating unique operation named: editUsingPUT_1
2021-02-03 17:48:11 [main] INFO  s.d.s.w.r.o.CachingOperationNameGenerator - Generating unique operation named: exportUsingGET_1
2021-02-03 17:48:11 [main] INFO  s.d.s.w.r.o.CachingOperationNameGenerator - Generating unique operation named: getInfoUsingGET_1
2021-02-03 17:48:11 [main] INFO  s.d.s.w.r.o.CachingOperationNameGenerator - Generating unique operation named: listUsingGET_2
2021-02-03 17:48:11 [main] INFO  s.d.s.w.r.o.CachingOperationNameGenerator - Generating unique operation named: removeUsingDELETE_3
2021-02-03 17:48:11 [main] INFO  s.d.s.w.r.o.CachingOperationNameGenerator - Generating unique operation named: getGoodCommentsUsingGET_1
2021-02-03 17:48:11 [main] INFO  s.d.s.w.r.o.CachingOperationNameGenerator - Generating unique operation named: getPoorCommentsUsingGET_1
2021-02-03 17:48:11 [main] INFO  s.d.s.w.r.o.CachingOperationNameGenerator - Generating unique operation named: listUsingGET_3
2021-02-03 17:48:11 [main] INFO  s.d.s.w.r.o.CachingOperationNameGenerator - Generating unique operation named: deleteUsingDELETE_1
2021-02-03 17:48:12 [main] INFO  io.undertow - starting server: Undertow - 2.0.33.Final
2021-02-03 17:48:12 [main] INFO  org.xnio - XNIO version 3.3.8.Final
2021-02-03 17:48:12 [main] INFO  org.xnio.nio - XNIO NIO Implementation Version 3.3.8.Final
2021-02-03 17:48:12 [main] INFO  com.ruoyi.RuoYiApplication - Started RuoYiApplication in 8.151 seconds (JVM running for 9.157)
2021-02-03 17:48:15 [XNIO-1 task-1] INFO  io.undertow.servlet - Initializing Spring DispatcherServlet 'dispatcherServlet'
2021-02-03 17:56:07 [schedule-pool-1] INFO  sys-user - [127.0.0.1]内网IP[admin][Success][登录成功]
2021-02-03 18:24:09 [background-preinit] INFO  o.h.validator.internal.util.Version - HV000001: Hibernate Validator 6.0.21.Final
2021-02-03 18:24:09 [main] INFO  com.ruoyi.RuoYiApplication - Starting RuoYiApplication on 小米AAA with PID 15344 (E:\gitee_project\RY-Vue-Plus\ruoyi-admin\target\classes started by 胡 in E:\gitee_project\RY-Vue-Plus)
2021-02-03 18:24:09 [main] INFO  com.ruoyi.RuoYiApplication - The following profiles are active: dev
2021-02-03 18:24:11 [main] INFO  io.undertow.servlet - Initializing Spring embedded WebApplicationContext
2021-02-03 18:24:14 [main] INFO  c.alibaba.druid.pool.DruidDataSource - {dataSource-1} inited
2021-02-03 18:24:14 [main] INFO  io.lettuce.core.EpollProvider - Starting without optional epoll library
2021-02-03 18:24:14 [main] INFO  io.lettuce.core.KqueueProvider - Starting without optional kqueue library
2021-02-03 18:24:16 [main] INFO  s.d.s.w.PropertySourcedRequestMappingHandlerMapping - Mapped URL path [/v2/api-docs] onto method [springfox.documentation.swagger2.web.Swagger2Controller#getDocumentation(String, HttpServletRequest)]
2021-02-03 18:24:16 [main] INFO  s.d.s.w.p.DocumentationPluginsBootstrapper - Context refreshed
2021-02-03 18:24:16 [main] INFO  s.d.s.w.p.DocumentationPluginsBootstrapper - Found 1 custom documentation plugin(s)
2021-02-03 18:24:16 [main] INFO  s.d.s.w.s.ApiListingReferenceScanner - Scanning for api listing references
2021-02-03 18:24:17 [main] INFO  s.d.s.w.r.o.CachingOperationNameGenerator - Generating unique operation named: addUsingPOST_1
2021-02-03 18:24:17 [main] INFO  s.d.s.w.r.o.CachingOperationNameGenerator - Generating unique operation named: listUsingGET_1
2021-02-03 18:24:17 [main] INFO  s.d.s.w.r.o.CachingOperationNameGenerator - Generating unique operation named: removeUsingDELETE_1
2021-02-03 18:24:17 [main] INFO  s.d.s.w.r.o.CachingOperationNameGenerator - Generating unique operation named: removeUsingDELETE_2
2021-02-03 18:24:17 [main] INFO  s.d.s.w.r.o.CachingOperationNameGenerator - Generating unique operation named: addUsingPOST_2
2021-02-03 18:24:17 [main] INFO  s.d.s.w.r.o.CachingOperationNameGenerator - Generating unique operation named: editUsingPUT_1
2021-02-03 18:24:17 [main] INFO  s.d.s.w.r.o.CachingOperationNameGenerator - Generating unique operation named: exportUsingGET_1
2021-02-03 18:24:17 [main] INFO  s.d.s.w.r.o.CachingOperationNameGenerator - Generating unique operation named: getInfoUsingGET_1
2021-02-03 18:24:17 [main] INFO  s.d.s.w.r.o.CachingOperationNameGenerator - Generating unique operation named: listUsingGET_2
2021-02-03 18:24:17 [main] INFO  s.d.s.w.r.o.CachingOperationNameGenerator - Generating unique operation named: removeUsingDELETE_3
2021-02-03 18:24:17 [main] INFO  s.d.s.w.r.o.CachingOperationNameGenerator - Generating unique operation named: getGoodCommentsUsingGET_1
2021-02-03 18:24:17 [main] INFO  s.d.s.w.r.o.CachingOperationNameGenerator - Generating unique operation named: getPoorCommentsUsingGET_1
2021-02-03 18:24:17 [main] INFO  s.d.s.w.r.o.CachingOperationNameGenerator - Generating unique operation named: listUsingGET_3
2021-02-03 18:24:17 [main] INFO  s.d.s.w.r.o.CachingOperationNameGenerator - Generating unique operation named: deleteUsingDELETE_1
2021-02-03 18:24:17 [main] INFO  io.undertow - starting server: Undertow - 2.0.33.Final
2021-02-03 18:24:17 [main] INFO  org.xnio - XNIO version 3.3.8.Final
2021-02-03 18:24:17 [main] INFO  org.xnio.nio - XNIO NIO Implementation Version 3.3.8.Final
2021-02-03 18:24:17 [main] INFO  com.ruoyi.RuoYiApplication - Started RuoYiApplication in 8.661 seconds (JVM running for 9.807)
2021-02-03 18:24:51 [XNIO-1 task-1] INFO  io.undertow.servlet - Initializing Spring DispatcherServlet 'dispatcherServlet'
